#
# A fatal error has been detected by the Java Runtime Environment:
#
#  SIGILL (0x4) at pc=0x00007fffa333828e, pid=3227, tid=0x000000000000080b
#
# JRE version: Java(TM) SE Runtime Environment (8.0_102-b14) (build 1.8.0_102-b14)
# Java VM: Java HotSpot(TM) 64-Bit Server VM (25.102-b14 mixed mode bsd-amd64 compressed oops)
# Problematic frame:
# C  [AppKit+0x3a528e]  -[NSApplication _crashOnException:]+0x6d
#
# Failed to write core dump. Core dumps have been disabled. To enable core dumping, try "ulimit -c unlimited" before starting Java again
#
# If you would like to submit a bug report, please visit:
#   http://bugreport.java.com/bugreport/crash.jsp
# The crash happened outside the Java Virtual Machine in native code.
# See problematic frame for where to report the bug.
#

---------------  T H R E A D  ---------------

Current thread (0x00007fbe460e8000):  JavaThread "AppKit Thread" daemon [_thread_in_native, id=2059, stack(0x00007fff5c0b5000,0x00007fff5c8b5000)]

siginfo: si_signo: 4 (SIGILL), si_code: 1 (ILL_ILLOPC), si_addr: 0x00007fffa333828e

Registers:
RAX=0x00007fbe44c1d000, RBX=0x00007fbe4a6378d0, RCX=0x0000000000000001, RDX=0x0000000000000000
RSP=0x00007fff5c8ae4c0, RBP=0x00007fff5c8ae4d0, RSI=0x00000000000020f0, RDI=0x00007fbe4c9455f0
R8 =0x0000000008000100, R9 =0x0000000000000000, R10=0x00007fffbfc1ffb8, R11=0x00000000000027ff
R12=0x0000000000000050, R13=0x00007fffa3b10ff5, R14=0x00007fffb9b2bb40, R15=0x00007fffbfc20f80
RIP=0x00007fffa333828e, EFLAGS=0x0000000000010202, ERR=0x0000000000000000
  TRAPNO=0x0000000000000006

Top of Stack: (sp=0x00007fff5c8ae4c0)
0x00007fff5c8ae4c0:   00007fbe43c46cb0 00007fffa3b109f2
0x00007fff5c8ae4d0:   00007fff5c8ae600 00007fffa34085ad
0x00007fff5c8ae4e0:   00007fbe43f019b0 00007fffa3b10df1
0x00007fff5c8ae4f0:   00007fbe45833b90 00007fbe4a61bd90
0x00007fff5c8ae500:   00007fbe4a6378d0 00007fbe4a6ba540
0x00007fff5c8ae510:   ffffffffffffffff 00007fff5c8ae550
0x00007fff5c8ae520:   00007fff5c8ae528 0000000000000050
0x00007fff5c8ae530:   0000000000000000 0000000000000000
0x00007fff5c8ae540:   0000000000000000 0000000000000000
0x00007fff5c8ae550:   00007fbe43c82a90 00007fbe43c49af0
0x00007fff5c8ae560:   00007fbe43c49b70 00007fbe43c5f2b0
0x00007fff5c8ae570:   00007fbe43c5f320 00007fbe43c46bc0
0x00007fff5c8ae580:   00007fbe43c46c40 00007fbe43c26e20
0x00007fff5c8ae590:   00007fbe43c26e90 00007fbe43cf0d20
0x00007fff5c8ae5a0:   00007fbe43cf0d90 00007fbe4a63b420
0x00007fff5c8ae5b0:   00007fbe4a63b490 00007fbe43ce1c20
0x00007fff5c8ae5c0:   00007fbe4a6ab250 00007fbe4a636880
0x00007fff5c8ae5d0:   2c38aeed99390023 00007fff5c8ae600
0x00007fff5c8ae5e0:   00007fbe45827800 00007fff5c8ae610
0x00007fff5c8ae5f0:   00007fbe4a6378d0 00007fbe45833b90
0x00007fff5c8ae600:   00007fff5c8ae650 00007fffa33381fc
0x00007fff5c8ae610:   00007fff5c8ae660 00007fff5c8ae610
0x00007fff5c8ae620:   2c38aeed99390023 00007fff5c8ae660
0x00007fff5c8ae630:   00007fff5c8ae660 0000000000000000
0x00007fff5c8ae640:   00007fff5c8ae650 00007fbe4a6378d0
0x00007fff5c8ae650:   00007fff5c8ae680 00007fffa3400dd3
0x00007fff5c8ae660:   00007fff5c8aea10 0000000000000000
0x00007fff5c8ae670:   0000000000000001 00007fbe45936b10
0x00007fff5c8ae680:   00007fff5c8ae990 00007fffa48bbe9d
0x00007fff5c8ae690:   00007fbe45936b10 00007fffa48bbaea
0x00007fff5c8ae6a0:   00007fffb9b2bb40 00007fbe4a61a6e8
0x00007fff5c8ae6b0:   0000000000000000 0000000000000002 

Instructions: (pc=0x00007fffa333828e)
0x00007fffa333826e:   48 89 c7 ff 15 f9 ed 07 1c 48 8b 35 b2 ab 30 1c
0x00007fffa333827e:   48 89 c7 ff 15 e9 ed 07 1c 48 89 05 9a 01 37 1c
0x00007fffa333828e:   0f 0b 48 89 c7 e8 7c 5c 72 00 31 ff 31 f6 31 c0
0x00007fffa333829e:   e8 e3 c3 e2 ff e8 90 5c 72 00 48 89 c3 e8 7c 5c 

Register to memory mapping:

RAX=0x00007fbe44c1d000 is an unknown value
RBX=0x00007fbe4a6378d0 is an unknown value
RCX=0x0000000000000001 is an unknown value
RDX=0x0000000000000000 is an unknown value
RSP=0x00007fff5c8ae4c0 is pointing into the stack for thread: 0x00007fbe460e8000
RBP=0x00007fff5c8ae4d0 is pointing into the stack for thread: 0x00007fbe460e8000
RSI=0x00000000000020f0 is an unknown value
RDI=0x00007fbe4c9455f0 is an unknown value
R8 =0x0000000008000100 is an unknown value
R9 =0x0000000000000000 is an unknown value
R10=0x00007fffbfc1ffb8: OBJC_CLASS_$___NSCFString+0 in /System/Library/Frameworks/CoreFoundation.framework/Versions/A/CoreFoundation at 0x00007fffa52bf000
R11=0x00000000000027ff is an unknown value
R12=0x0000000000000050 is an unknown value
R13=0x00007fffa3b10ff5: __NSStyleNameIndexTable+0x6d308 in /System/Library/Frameworks/AppKit.framework/Versions/C/AppKit at 0x00007fffa2f93000
R14=0x00007fffb9b2bb40: objc_msgSend+0 in /usr/lib/libobjc.A.dylib at 0x00007fffb9b25000
R15=0x00007fffbfc20f80: OBJC_CLASS_$_NSDictionary+0 in /System/Library/Frameworks/CoreFoundation.framework/Versions/A/CoreFoundation at 0x00007fffa52bf000


Stack: [0x00007fff5c0b5000,0x00007fff5c8b5000],  sp=0x00007fff5c8ae4c0,  free space=8165k
Native frames: (J=compiled Java code, j=interpreted, Vv=VM code, C=native code)
C  [AppKit+0x3a528e]  -[NSApplication _crashOnException:]+0x6d
C  [AppKit+0x4755ad]  -[NSApplication _showException:]+0x2e8
C  [AppKit+0x3a51fc]  -[NSApplication reportException:]+0x167
C  [AppKit+0x46ddd3]  uncaughtErrorProc+0x9e
C  [HIToolbox+0x8e9d]  DispatchEventToHandlers(EventTargetRec*, OpaqueEventRef*, HandlerCallRec*)+0x474
C  [HIToolbox+0x8346]  SendEventToEventTargetInternal(OpaqueEventRef*, OpaqueEventTargetRef*, HandlerCallRec*)+0x1ac
C  [HIToolbox+0x818f]  SendEventToEventTargetWithOptions+0x2b
C  [HIToolbox+0x5ef86]  SendTSMEvent_WithCompletionHandler+0x198
C  [HIToolbox+0x212378]  __SendTextInputEvent_WithCompletionHandler_block_invoke+0x248
C  [HIToolbox+0x210689]  SendTextInputEvent_WithCompletionHandler+0x482
C  [HIToolbox+0x281829]  -[IMKInputSession _postEvent:completionHandler:]+0xb0
C  [HIToolbox+0x291485]  -[IMKInputSession _copyUniCharsForRange:intoBuffer:ofLength:completionHandler:]+0x212
C  [HIToolbox+0x291c0e]  -[IMKInputSession _coreAttributesFromRange:whichAttributes:completionHandler:]+0x119
C  [HIToolbox+0x293bb0]  -[IMKInputSession attributedSubstringFromRange:completionHandler:]+0xba
C  [HIToolbox+0x2843ab]  __61-[IMKInputSession imkxpc_attributedSubstringFromRange:reply:]_block_invoke+0x212
C  [CoreFoundation+0xa43cc]  __CFRUNLOOP_IS_CALLING_OUT_TO_A_BLOCK__+0xc
C  [CoreFoundation+0x856f4]  __CFRunLoopDoBlocks+0x164
C  [CoreFoundation+0x85236]  __CFRunLoopRun+0x766
C  [CoreFoundation+0x84874]  CFRunLoopRunSpecific+0x1a4
C  [HIToolbox+0x26b63e]  -[IMKInputSessionXPCInvocation invocationAwaitXPCReply]+0x25e
C  [HIToolbox+0x279534]  -[IMKInputSession setValue:forTag:]+0xae3
C  [HIToolbox+0x222088]  IMKInputSessionSetProperty+0x47
C  [HIToolbox+0x215382]  utOpenActivateThisDocsInputMethod+0xf6
C  [HIToolbox+0x4469d]  MyActivateTSMDocument+0x697
C  [AppKit+0x18a8cc]  -[NSTextInputContext activate]+0x10e
C  [AppKit+0x4b2b3]  +[NSTextInputContext currentInputContext]+0xf0
C  [AppKit+0x28cbb]  -[NSView _setWindow:]+0x42a
C  [AppKit+0x12df8b]  -[NSTextView(NSPrivate) _setWindow:]+0x12e
C  [CoreFoundation+0x8b072]  __53-[__NSArrayM enumerateObjectsWithOptions:usingBlock:]_block_invoke+0x72
C  [CoreFoundation+0x8af2f]  -[__NSArrayM enumerateObjectsWithOptions:usingBlock:]+0xef
C  [AppKit+0x8490e7]  __21-[NSView _setWindow:]_block_invoke.643+0x97
C  [AppKit+0x29426]  -[NSView _setWindow:]+0xb95
C  [CoreFoundation+0x8b072]  __53-[__NSArrayM enumerateObjectsWithOptions:usingBlock:]_block_invoke+0x72
C  [CoreFoundation+0x8af02]  -[__NSArrayM enumerateObjectsWithOptions:usingBlock:]+0xc2
C  [AppKit+0x8490e7]  __21-[NSView _setWindow:]_block_invoke.643+0x97
C  [AppKit+0x29426]  -[NSView _setWindow:]+0xb95
C  [AppKit+0x314b5]  -[NSScrollView _setWindow:]+0x1e0
C  [CoreFoundation+0x8b072]  __53-[__NSArrayM enumerateObjectsWithOptions:usingBlock:]_block_invoke+0x72
C  [CoreFoundation+0x8af2f]  -[__NSArrayM enumerateObjectsWithOptions:usingBlock:]+0xef
C  [AppKit+0x8490e7]  __21-[NSView _setWindow:]_block_invoke.643+0x97
C  [AppKit+0x29426]  -[NSView _setWindow:]+0xb95
C  [CoreFoundation+0x8b072]  __53-[__NSArrayM enumerateObjectsWithOptions:usingBlock:]_block_invoke+0x72
C  [CoreFoundation+0x8af2f]  -[__NSArrayM enumerateObjectsWithOptions:usingBlock:]+0xef
C  [AppKit+0x8490e7]  __21-[NSView _setWindow:]_block_invoke.643+0x97
C  [AppKit+0x29426]  -[NSView _setWindow:]+0xb95
C  [AppKit+0x5b55e]  -[NSThemeFrame _setWindow:]+0x6f
C  [AppKit+0x2b9074]  -[NSWindow dealloc]+0x4c9
C  [Foundation+0x77cbd]  NSKVODeallocate+0x5e
C  [AppKit+0x5aa6f]  -[NSWindow release]+0xa2
C  [CoreFoundation+0x1761ff]  common_removeAllObjects+0xff
C  [CoreFoundation+0x2cbb3]  -[__NSArrayM dealloc]+0x13
C  [libobjc.A.dylib+0xec49]  objc_object::sidetable_release(bool)+0x11d
C  [AppKit+0x3079ef]  -[NSWindowController dealloc]+0x1c2
C  [AppKit+0x9f16d2]  -[NSExceptionAlertController dealloc]+0x3a
C  [libobjc.A.dylib+0xec49]  objc_object::sidetable_release(bool)+0x11d
C  [AppKit+0x56e89]  -[NSWindowController release]+0x9b
C  [AppKit+0x14d72c]  -[NSAutounbinder dealloc]+0x38
C  [libobjc.A.dylib+0xec49]  objc_object::sidetable_release(bool)+0x11d
C  [libobjc.A.dylib+0x9e60]  (anonymous namespace)::AutoreleasePoolPage::pop(void*)+0x328
C  [CoreFoundation+0x44e26]  _CFAutoreleasePoolPop+0x16
C  [Foundation+0x175b3]  -[NSAutoreleasePool drain]+0x92
C  [AppKit+0x3c064]  -[NSApplication run]+0x445
C  [libosxapp.dylib+0x214d]  +[NSApplicationAWT runAWTLoopWithApp:]+0x9c
C  [libawt_lwawt.dylib+0x444b3]  -[AWTStarter starter:]+0x389
C  [Foundation+0x71f2a]  __NSThreadPerformPerform+0x146
C  [CoreFoundation+0xa4581]  __CFRUNLOOP_IS_CALLING_OUT_TO_A_SOURCE0_PERFORM_FUNCTION__+0x11
C  [CoreFoundation+0x8598c]  __CFRunLoopDoSources0+0x22c
C  [CoreFoundation+0x84e76]  __CFRunLoopRun+0x3a6
C  [CoreFoundation+0x84874]  CFRunLoopRunSpecific+0x1a4
C  [java+0x6465]  CreateExecutionEnvironment+0x367
C  [java+0x218c]  JLI_Launch+0x7a0
C  [java+0x84c2]  main+0x65
C  [java+0x19e4]  start+0x34
C  0x0000000000000008


---------------  P R O C E S S  ---------------

Java Threads: ( => current thread )
  0x00007fbe46002000 JavaThread "DestroyJavaVM" [_thread_blocked, id=7171, stack(0x000070000c207000,0x000070000c307000)]
  0x00007fbe46993800 JavaThread "TimerQueue" daemon [_thread_blocked, id=66379, stack(0x000070000dd61000,0x000070000de61000)]
  0x00007fbe46198800 JavaThread "AWT-EventQueue-0" [_thread_in_native, id=65547, stack(0x000070000dc5e000,0x000070000dd5e000)]
  0x00007fbe448f0800 JavaThread "Java2D Disposer" daemon [_thread_blocked, id=61455, stack(0x000070000dad8000,0x000070000dbd8000)]
  0x00007fbe46139000 JavaThread "Java2D Queue Flusher" daemon [_thread_blocked, id=58119, stack(0x000070000d9d5000,0x000070000dad5000)]
  0x00007fbe4420b000 JavaThread "AWT-Shutdown" [_thread_blocked, id=32799, stack(0x000070000d6c6000,0x000070000d7c6000)]
=>0x00007fbe460e8000 JavaThread "AppKit Thread" daemon [_thread_in_native, id=2059, stack(0x00007fff5c0b5000,0x00007fff5c8b5000)]
  0x00007fbe44024000 JavaThread "Monitor Ctrl-Break" daemon [_thread_in_native, id=22275, stack(0x000070000d540000,0x000070000d640000)]
  0x00007fbe44000000 JavaThread "Service Thread" daemon [_thread_blocked, id=21251, stack(0x000070000d33a000,0x000070000d43a000)]
  0x00007fbe44831000 JavaThread "C1 CompilerThread3" daemon [_thread_blocked, id=20739, stack(0x000070000d237000,0x000070000d337000)]
  0x00007fbe44830000 JavaThread "C2 CompilerThread2" daemon [_thread_blocked, id=20227, stack(0x000070000d134000,0x000070000d234000)]
  0x00007fbe44818000 JavaThread "C2 CompilerThread1" daemon [_thread_blocked, id=19715, stack(0x000070000d031000,0x000070000d131000)]
  0x00007fbe44816800 JavaThread "C2 CompilerThread0" daemon [_thread_blocked, id=19203, stack(0x000070000cf2e000,0x000070000d02e000)]
  0x00007fbe44812000 JavaThread "Signal Dispatcher" daemon [_thread_blocked, id=18691, stack(0x000070000ce2b000,0x000070000cf2b000)]
  0x00007fbe4682f000 JavaThread "Finalizer" daemon [_thread_blocked, id=14595, stack(0x000070000cd28000,0x000070000ce28000)]
  0x00007fbe4682c000 JavaThread "Reference Handler" daemon [_thread_blocked, id=14083, stack(0x000070000cc25000,0x000070000cd25000)]

Other Threads:
  0x00007fbe4600e800 VMThread [stack: 0x000070000cb22000,0x000070000cc22000] [id=13571]
  0x00007fbe46023800 WatcherThread [stack: 0x000070000d43d000,0x000070000d53d000] [id=21763]

VM state:not at safepoint (normal execution)

VM Mutex/Monitor currently owned by a thread: None

Heap:
 PSYoungGen      total 76288K, used 35391K [0x000000076ab00000, 0x0000000770000000, 0x00000007c0000000)
  eden space 65536K, 54% used [0x000000076ab00000,0x000000076cd8ff88,0x000000076eb00000)
  from space 10752K, 0% used [0x000000076f580000,0x000000076f580000,0x0000000770000000)
  to   space 10752K, 0% used [0x000000076eb00000,0x000000076eb00000,0x000000076f580000)
 ParOldGen       total 175104K, used 0K [0x00000006c0000000, 0x00000006cab00000, 0x000000076ab00000)
  object space 175104K, 0% used [0x00000006c0000000,0x00000006c0000000,0x00000006cab00000)
 Metaspace       used 10182K, capacity 10360K, committed 10496K, reserved 1058816K
  class space    used 1191K, capacity 1248K, committed 1280K, reserved 1048576K

Card table byte_map: [0x00000001057c0000,0x0000000105fc1000] byte_map_base: 0x00000001021c0000

Marking Bits: (ParMarkBitMap*) 0x0000000103cb7d20
 Begin Bits: [0x0000000106517000, 0x000000010a517000)
 End Bits:   [0x000000010a517000, 0x000000010e517000)

Polling page: 0x00000001043ac000

CodeCache: size=245760Kb used=4944Kb max_used=4955Kb free=240815Kb
 bounds [0x000000011278d000, 0x0000000112c6d000, 0x000000012178d000]
 total_blobs=1860 nmethods=1392 adapters=382
 compilation: enabled

Compilation events (10 events):
Event: 42.689 Thread 0x00007fbe44818000 1388       4       javax.swing.TimerQueue::now (8 bytes)
Event: 42.689 Thread 0x00007fbe44818000 nmethod 1388 0x0000000112b86150 code [0x0000000112b86280, 0x0000000112b862d8]
Event: 42.949 Thread 0x00007fbe44816800 1389   !   4       java.util.concurrent.locks.AbstractQueuedSynchronizer::fullyRelease (54 bytes)
Event: 42.953 Thread 0x00007fbe44816800 nmethod 1389 0x0000000112c3e850 code [0x0000000112c3e9a0, 0x0000000112c3eba8]
Event: 43.824 Thread 0x00007fbe44830000 1390       4       sun.java2d.SunGraphics2D::checkFontInfo (721 bytes)
Event: 43.844 Thread 0x00007fbe44818000 1391       4       java.util.ArrayList::removeAll (12 bytes)
Event: 43.856 Thread 0x00007fbe44818000 nmethod 1391 0x0000000112c3ac50 code [0x0000000112c3ade0, 0x0000000112c3b5d8]
Event: 43.861 Thread 0x00007fbe44830000 nmethod 1390 0x0000000112c68050 code [0x0000000112c68340, 0x0000000112c69cf8]
Event: 44.485 Thread 0x00007fbe44816800 1392       4       javax.swing.JComponent::setFlag (34 bytes)
Event: 44.486 Thread 0x00007fbe44816800 nmethod 1392 0x0000000112c3c0d0 code [0x0000000112c3c220, 0x0000000112c3c2b8]

GC Heap History (0 events):
No events

Deoptimization events (10 events):
Event: 14.201 Thread 0x00007fbe46198800 Uncommon trap: reason=unstable_if action=reinterpret pc=0x0000000112b48410 method=sun.font.CStrike.getGlyphImagePtrs([I[JI)V @ 41
Event: 26.226 Thread 0x00007fbe46198800 Uncommon trap: reason=unstable_if action=reinterpret pc=0x00000001129f7a90 method=java.lang.StrictMath.floorOrCeil(DDDD)D @ 115
Event: 38.314 Thread 0x00007fbe460e8000 Uncommon trap: reason=unstable_if action=reinterpret pc=0x0000000112b4f0f0 method=java.util.IdentityHashMap.isEmpty()Z @ 4
Event: 38.352 Thread 0x00007fbe46198800 Uncommon trap: reason=unstable_if action=reinterpret pc=0x0000000112bb6a78 method=sun.awt.SunToolkit.getAppContext(Ljava/lang/Object;)Lsun/awt/AppContext; @ 4
Event: 38.355 Thread 0x00007fbe46198800 Uncommon trap: reason=unstable_if action=reinterpret pc=0x0000000112bafaac method=sun.awt.SunToolkit.getAppContext(Ljava/lang/Object;)Lsun/awt/AppContext; @ 4
Event: 38.358 Thread 0x00007fbe46198800 Uncommon trap: reason=unstable_if action=reinterpret pc=0x0000000112b305a8 method=javax.swing.JComponent.getClientProperty(Ljava/lang/Object;)Ljava/lang/Object; @ 28
Event: 38.358 Thread 0x00007fbe46198800 Uncommon trap: reason=class_check action=maybe_recompile pc=0x000000011290239c method=java.lang.String.equals(Ljava/lang/Object;)Z @ 8
Event: 38.358 Thread 0x00007fbe46198800 Uncommon trap: reason=class_check action=maybe_recompile pc=0x000000011290239c method=java.lang.String.equals(Ljava/lang/Object;)Z @ 8
Event: 38.358 Thread 0x00007fbe46198800 Uncommon trap: reason=class_check action=maybe_recompile pc=0x000000011290239c method=java.lang.String.equals(Ljava/lang/Object;)Z @ 8
Event: 38.358 Thread 0x00007fbe46198800 Uncommon trap: reason=class_check action=maybe_recompile pc=0x000000011290239c method=java.lang.String.equals(Ljava/lang/Object;)Z @ 8

Internal exceptions (10 events):
Event: 0.146 Thread 0x00007fbe46002000 Exception <a 'java/lang/NoSuchFieldError': method resolution failed> (0x000000076af4e688) thrown at [/Users/java_re/workspace/8-2-build-macosx-x86_64/jdk8u102/7268/hotspot/src/share/vm/prims/methodHandles.cpp, line 1146]
Event: 0.148 Thread 0x00007fbe46002000 Exception <a 'java/lang/NoSuchFieldError': method resolution failed> (0x000000076af5be58) thrown at [/Users/java_re/workspace/8-2-build-macosx-x86_64/jdk8u102/7268/hotspot/src/share/vm/prims/methodHandles.cpp, line 1146]
Event: 0.296 Thread 0x00007fbe46002000 Exception <a 'java/io/FileNotFoundException'> (0x000000076afd64b0) thrown at [/Users/java_re/workspace/8-2-build-macosx-x86_64/jdk8u102/7268/hotspot/src/share/vm/prims/jni.cpp, line 709]
Event: 0.296 Thread 0x00007fbe46002000 Exception <a 'java/io/FileNotFoundException'> (0x000000076afd7018) thrown at [/Users/java_re/workspace/8-2-build-macosx-x86_64/jdk8u102/7268/hotspot/src/share/vm/prims/jni.cpp, line 709]
Event: 0.310 Thread 0x00007fbe46002000 Exception <a 'java/io/FileNotFoundException'> (0x000000076afee2a0) thrown at [/Users/java_re/workspace/8-2-build-macosx-x86_64/jdk8u102/7268/hotspot/src/share/vm/prims/jni.cpp, line 709]
Event: 38.312 Thread 0x00007fbe460e8000 Exception <a 'java/lang/NullPointerException'> (0x000000076b067740) thrown at [/Users/java_re/workspace/8-2-build-macosx-x86_64/jdk8u102/7268/hotspot/src/share/vm/prims/jni.cpp, line 1340]
Event: 39.515 Thread 0x00007fbe460e8000 Exception <a 'java/lang/NullPointerException'> (0x000000076b0694f0) thrown at [/Users/java_re/workspace/8-2-build-macosx-x86_64/jdk8u102/7268/hotspot/src/share/vm/prims/jni.cpp, line 1340]
Event: 40.138 Thread 0x00007fbe460e8000 Exception <a 'java/lang/NullPointerException'> (0x000000076b069fd8) thrown at [/Users/java_re/workspace/8-2-build-macosx-x86_64/jdk8u102/7268/hotspot/src/share/vm/prims/jni.cpp, line 1340]
Event: 41.812 Thread 0x00007fbe460e8000 Exception <a 'java/lang/NullPointerException'> (0x000000076b077210) thrown at [/Users/java_re/workspace/8-2-build-macosx-x86_64/jdk8u102/7268/hotspot/src/share/vm/prims/jni.cpp, line 1340]
Event: 43.253 Thread 0x00007fbe460e8000 Exception <a 'java/lang/NullPointerException'> (0x000000076b078420) thrown at [/Users/java_re/workspace/8-2-build-macosx-x86_64/jdk8u102/7268/hotspot/src/share/vm/prims/jni.cpp, line 1340]

Events (10 events):
Event: 40.618 loading class sun/reflect/Label$PatchInfo
Event: 40.618 loading class sun/reflect/Label$PatchInfo done
Event: 40.618 loading class sun/reflect/MethodAccessorGenerator$1
Event: 40.619 loading class sun/reflect/MethodAccessorGenerator$1 done
Event: 40.619 loading class sun/reflect/ClassDefiner
Event: 40.619 loading class sun/reflect/ClassDefiner done
Event: 40.619 loading class sun/reflect/ClassDefiner$1
Event: 40.619 loading class sun/reflect/ClassDefiner$1 done
Event: 40.619 loading class sun/reflect/BootstrapConstructorAccessorImpl
Event: 40.619 loading class sun/reflect/BootstrapConstructorAccessorImpl done


Dynamic libraries:
0x000000002ffe6000 	/System/Library/Frameworks/Cocoa.framework/Versions/A/Cocoa
0x000000002ffe6000 	/System/Library/Frameworks/Security.framework/Versions/A/Security
0x000000002ffe6000 	/System/Library/Frameworks/ApplicationServices.framework/Versions/A/ApplicationServices
0x000000002ffe6000 	/usr/lib/libz.1.dylib
0x000000002ffe6000 	/usr/lib/libSystem.B.dylib
0x000000002ffe6000 	/usr/lib/libobjc.A.dylib
0x000000002ffe6000 	/System/Library/Frameworks/CoreFoundation.framework/Versions/A/CoreFoundation
0x000000002ffe6000 	/System/Library/Frameworks/Foundation.framework/Versions/C/Foundation
0x000000002ffe6000 	/System/Library/Frameworks/AppKit.framework/Versions/C/AppKit
0x000000002ffe6000 	/System/Library/Frameworks/CoreData.framework/Versions/A/CoreData
0x000000002ffe6000 	/System/Library/PrivateFrameworks/RemoteViewServices.framework/Versions/A/RemoteViewServices
0x000000002ffe6000 	/System/Library/PrivateFrameworks/UIFoundation.framework/Versions/A/UIFoundation
0x000000002ffe6000 	/usr/lib/libenergytrace.dylib
0x000000002ffe6000 	/System/Library/PrivateFrameworks/SkyLight.framework/Versions/A/SkyLight
0x000000002ffe6000 	/System/Library/Frameworks/CoreGraphics.framework/Versions/A/CoreGraphics
0x000000002ffe6000 	/usr/lib/libScreenReader.dylib
0x000000002ffe6000 	/System/Library/Frameworks/Accelerate.framework/Versions/A/Accelerate
0x000000002ffe6000 	/System/Library/Frameworks/IOSurface.framework/Versions/A/IOSurface
0x000000002ffe6000 	/System/Library/Frameworks/AudioToolbox.framework/Versions/A/AudioToolbox
0x000000002ffe6000 	/System/Library/Frameworks/AudioUnit.framework/Versions/A/AudioUnit
0x000000002ffe6000 	/System/Library/PrivateFrameworks/DataDetectorsCore.framework/Versions/A/DataDetectorsCore
0x000000002ffe6000 	/System/Library/PrivateFrameworks/DesktopServicesPriv.framework/Versions/A/DesktopServicesPriv
0x000000002ffe6000 	/System/Library/Frameworks/Carbon.framework/Versions/A/Frameworks/HIToolbox.framework/Versions/A/HIToolbox
0x000000002ffe6000 	/usr/lib/libicucore.A.dylib
0x000000002ffe6000 	/System/Library/Frameworks/QuartzCore.framework/Versions/A/QuartzCore
0x000000002ffe6000 	/System/Library/Frameworks/Carbon.framework/Versions/A/Frameworks/SpeechRecognition.framework/Versions/A/SpeechRecognition
0x000000002ffe6000 	/usr/lib/libauto.dylib
0x000000002ffe6000 	/usr/lib/libxml2.2.dylib
0x000000002ffe6000 	/System/Library/PrivateFrameworks/CoreUI.framework/Versions/A/CoreUI
0x000000002ffe6000 	/System/Library/Frameworks/CoreAudio.framework/Versions/A/CoreAudio
0x000000002ffe6000 	/System/Library/Frameworks/DiskArbitration.framework/Versions/A/DiskArbitration
0x000000002ffe6000 	/usr/lib/liblangid.dylib
0x000000002ffe6000 	/System/Library/PrivateFrameworks/MultitouchSupport.framework/Versions/A/MultitouchSupport
0x000000002ffe6000 	/System/Library/Frameworks/IOKit.framework/Versions/A/IOKit
0x000000002ffe6000 	/usr/lib/libDiagnosticMessagesClient.dylib
0x000000002ffe6000 	/System/Library/Frameworks/CoreServices.framework/Versions/A/CoreServices
0x000000002ffe6000 	/System/Library/PrivateFrameworks/PerformanceAnalysis.framework/Versions/A/PerformanceAnalysis
0x000000002ffe6000 	/System/Library/PrivateFrameworks/GenerationalStorage.framework/Versions/A/GenerationalStorage
0x000000002ffe6000 	/System/Library/Frameworks/OpenGL.framework/Versions/A/OpenGL
0x000000002ffe6000 	/System/Library/Frameworks/CoreImage.framework/Versions/A/CoreImage
0x000000002ffe6000 	/System/Library/Frameworks/CoreText.framework/Versions/A/CoreText
0x000000002ffe6000 	/System/Library/Frameworks/ImageIO.framework/Versions/A/ImageIO
0x000000002ffe6000 	/System/Library/PrivateFrameworks/Backup.framework/Versions/A/Backup
0x000000002ffe6000 	/usr/lib/libarchive.2.dylib
0x000000002ffe6000 	/System/Library/Frameworks/CFNetwork.framework/Versions/A/CFNetwork
0x000000002ffe6000 	/System/Library/Frameworks/SystemConfiguration.framework/Versions/A/SystemConfiguration
0x000000002ffe6000 	/usr/lib/libCRFSuite.dylib
0x000000002ffe6000 	/usr/lib/libc++.1.dylib
0x000000002ffe6000 	/usr/lib/libc++abi.dylib
0x000000002ffe6000 	/usr/lib/system/libcache.dylib
0x000000002ffe6000 	/usr/lib/system/libcommonCrypto.dylib
0x000000002ffe6000 	/usr/lib/system/libcompiler_rt.dylib
0x000000002ffe6000 	/usr/lib/system/libcopyfile.dylib
0x000000002ffe6000 	/usr/lib/system/libcorecrypto.dylib
0x000000002ffe6000 	/usr/lib/system/libdispatch.dylib
0x000000002ffe6000 	/usr/lib/system/libdyld.dylib
0x000000002ffe6000 	/usr/lib/system/libkeymgr.dylib
0x000000002ffe6000 	/usr/lib/system/liblaunch.dylib
0x000000002ffe6000 	/usr/lib/system/libmacho.dylib
0x000000002ffe6000 	/usr/lib/system/libquarantine.dylib
0x000000002ffe6000 	/usr/lib/system/libremovefile.dylib
0x000000002ffe6000 	/usr/lib/system/libsystem_asl.dylib
0x000000002ffe6000 	/usr/lib/system/libsystem_blocks.dylib
0x000000002ffe6000 	/usr/lib/system/libsystem_c.dylib
0x000000002ffe6000 	/usr/lib/system/libsystem_configuration.dylib
0x000000002ffe6000 	/usr/lib/system/libsystem_coreservices.dylib
0x000000002ffe6000 	/usr/lib/system/libsystem_coretls.dylib
0x000000002ffe6000 	/usr/lib/system/libsystem_dnssd.dylib
0x000000002ffe6000 	/usr/lib/system/libsystem_info.dylib
0x000000002ffe6000 	/usr/lib/system/libsystem_kernel.dylib
0x000000002ffe6000 	/usr/lib/system/libsystem_m.dylib
0x000000002ffe6000 	/usr/lib/system/libsystem_malloc.dylib
0x000000002ffe6000 	/usr/lib/system/libsystem_network.dylib
0x000000002ffe6000 	/usr/lib/system/libsystem_networkextension.dylib
0x000000002ffe6000 	/usr/lib/system/libsystem_notify.dylib
0x000000002ffe6000 	/usr/lib/system/libsystem_platform.dylib
0x000000002ffe6000 	/usr/lib/system/libsystem_pthread.dylib
0x000000002ffe6000 	/usr/lib/system/libsystem_sandbox.dylib
0x000000002ffe6000 	/usr/lib/system/libsystem_secinit.dylib
0x000000002ffe6000 	/usr/lib/system/libsystem_symptoms.dylib
0x000000002ffe6000 	/usr/lib/system/libsystem_trace.dylib
0x000000002ffe6000 	/usr/lib/system/libunwind.dylib
0x000000002ffe6000 	/usr/lib/system/libxpc.dylib
0x000000002ffe6000 	/usr/lib/libbsm.0.dylib
0x000000002ffe6000 	/usr/lib/system/libkxld.dylib
0x000000002ffe6000 	/usr/lib/libcoretls.dylib
0x000000002ffe6000 	/usr/lib/libcoretls_cfhelpers.dylib
0x000000002ffe6000 	/usr/lib/libxar.1.dylib
0x000000002ffe6000 	/usr/lib/libsqlite3.dylib
0x000000002ffe6000 	/usr/lib/libpam.2.dylib
0x000000002ffe6000 	/usr/lib/libOpenScriptingUtil.dylib
0x000000002ffe6000 	/usr/lib/libbz2.1.0.dylib
0x000000002ffe6000 	/usr/lib/liblzma.5.dylib
0x000000002ffe6000 	/usr/lib/libnetwork.dylib
0x000000002ffe6000 	/usr/lib/libpcap.A.dylib
0x000000002ffe6000 	/System/Library/Frameworks/CoreServices.framework/Versions/A/Frameworks/FSEvents.framework/Versions/A/FSEvents
0x000000002ffe6000 	/System/Library/Frameworks/CoreServices.framework/Versions/A/Frameworks/CarbonCore.framework/Versions/A/CarbonCore
0x000000002ffe6000 	/System/Library/Frameworks/CoreServices.framework/Versions/A/Frameworks/Metadata.framework/Versions/A/Metadata
0x000000002ffe6000 	/System/Library/Frameworks/CoreServices.framework/Versions/A/Frameworks/OSServices.framework/Versions/A/OSServices
0x000000002ffe6000 	/System/Library/Frameworks/CoreServices.framework/Versions/A/Frameworks/SearchKit.framework/Versions/A/SearchKit
0x000000002ffe6000 	/System/Library/Frameworks/CoreServices.framework/Versions/A/Frameworks/AE.framework/Versions/A/AE
0x000000002ffe6000 	/System/Library/Frameworks/CoreServices.framework/Versions/A/Frameworks/LaunchServices.framework/Versions/A/LaunchServices
0x000000002ffe6000 	/System/Library/Frameworks/CoreServices.framework/Versions/A/Frameworks/DictionaryServices.framework/Versions/A/DictionaryServices
0x000000002ffe6000 	/System/Library/Frameworks/CoreServices.framework/Versions/A/Frameworks/SharedFileList.framework/Versions/A/SharedFileList
0x000000002ffe6000 	/System/Library/Frameworks/NetFS.framework/Versions/A/NetFS
0x000000002ffe6000 	/System/Library/PrivateFrameworks/NetAuth.framework/Versions/A/NetAuth
0x000000002ffe6000 	/System/Library/PrivateFrameworks/login.framework/Versions/A/Frameworks/loginsupport.framework/Versions/A/loginsupport
0x000000002ffe6000 	/System/Library/PrivateFrameworks/TCC.framework/Versions/A/TCC
0x000000002ffe6000 	/usr/lib/libmecabra.dylib
0x000000002ffe6000 	/System/Library/Frameworks/ApplicationServices.framework/Versions/A/Frameworks/ATS.framework/Versions/A/ATS
0x000000002ffe6000 	/System/Library/Frameworks/ApplicationServices.framework/Versions/A/Frameworks/ColorSync.framework/Versions/A/ColorSync
0x000000002ffe6000 	/System/Library/Frameworks/ApplicationServices.framework/Versions/A/Frameworks/HIServices.framework/Versions/A/HIServices
0x000000002ffe6000 	/System/Library/Frameworks/ApplicationServices.framework/Versions/A/Frameworks/LangAnalysis.framework/Versions/A/LangAnalysis
0x000000002ffe6000 	/System/Library/Frameworks/ApplicationServices.framework/Versions/A/Frameworks/PrintCore.framework/Versions/A/PrintCore
0x000000002ffe6000 	/System/Library/Frameworks/ApplicationServices.framework/Versions/A/Frameworks/QD.framework/Versions/A/QD
0x000000002ffe6000 	/System/Library/Frameworks/ApplicationServices.framework/Versions/A/Frameworks/SpeechSynthesis.framework/Versions/A/SpeechSynthesis
0x000000002ffe6000 	/System/Library/Frameworks/Accelerate.framework/Versions/A/Frameworks/vImage.framework/Versions/A/vImage
0x000000002ffe6000 	/System/Library/Frameworks/Accelerate.framework/Versions/A/Frameworks/vecLib.framework/Versions/A/vecLib
0x000000002ffe6000 	/System/Library/Frameworks/Accelerate.framework/Versions/A/Frameworks/vecLib.framework/Versions/A/libvDSP.dylib
0x000000002ffe6000 	/System/Library/Frameworks/Accelerate.framework/Versions/A/Frameworks/vecLib.framework/Versions/A/libBNNS.dylib
0x000000002ffe6000 	/System/Library/Frameworks/Accelerate.framework/Versions/A/Frameworks/vecLib.framework/Versions/A/libQuadrature.dylib
0x000000002ffe6000 	/System/Library/Frameworks/Accelerate.framework/Versions/A/Frameworks/vecLib.framework/Versions/A/libvMisc.dylib
0x000000002ffe6000 	/System/Library/Frameworks/Accelerate.framework/Versions/A/Frameworks/vecLib.framework/Versions/A/libLAPACK.dylib
0x000000002ffe6000 	/System/Library/Frameworks/Accelerate.framework/Versions/A/Frameworks/vecLib.framework/Versions/A/libBLAS.dylib
0x000000002ffe6000 	/System/Library/Frameworks/Accelerate.framework/Versions/A/Frameworks/vecLib.framework/Versions/A/libLinearAlgebra.dylib
0x000000002ffe6000 	/System/Library/Frameworks/Accelerate.framework/Versions/A/Frameworks/vecLib.framework/Versions/A/libSparseBLAS.dylib
0x000000002ffe6000 	/System/Library/Frameworks/ApplicationServices.framework/Versions/A/Frameworks/ATS.framework/Versions/A/Resources/libFontParser.dylib
0x000000002ffe6000 	/System/Library/Frameworks/ApplicationServices.framework/Versions/A/Frameworks/ATS.framework/Versions/A/Resources/libFontRegistry.dylib
0x000000002ffe6000 	/System/Library/Frameworks/ImageIO.framework/Versions/A/Resources/libJPEG.dylib
0x000000002ffe6000 	/System/Library/Frameworks/ImageIO.framework/Versions/A/Resources/libTIFF.dylib
0x000000002ffe6000 	/System/Library/Frameworks/ImageIO.framework/Versions/A/Resources/libPng.dylib
0x000000002ffe6000 	/System/Library/Frameworks/ImageIO.framework/Versions/A/Resources/libGIF.dylib
0x000000002ffe6000 	/System/Library/Frameworks/ImageIO.framework/Versions/A/Resources/libJP2.dylib
0x000000002ffe6000 	/System/Library/Frameworks/ImageIO.framework/Versions/A/Resources/libRadiance.dylib
0x000000002ffe6000 	/usr/lib/libcompression.dylib
0x000000002ffe6000 	/System/Library/PrivateFrameworks/AppleJPEG.framework/Versions/A/AppleJPEG
0x000000002ffe6000 	/usr/lib/libcups.2.dylib
0x000000002ffe6000 	/System/Library/Frameworks/Kerberos.framework/Versions/A/Kerberos
0x000000002ffe6000 	/System/Library/Frameworks/GSS.framework/Versions/A/GSS
0x000000002ffe6000 	/usr/lib/libresolv.9.dylib
0x000000002ffe6000 	/usr/lib/libiconv.2.dylib
0x000000002ffe6000 	/System/Library/PrivateFrameworks/Heimdal.framework/Versions/A/Heimdal
0x000000002ffe6000 	/usr/lib/libheimdal-asn1.dylib
0x000000002ffe6000 	/System/Library/Frameworks/OpenDirectory.framework/Versions/A/OpenDirectory
0x000000002ffe6000 	/System/Library/PrivateFrameworks/CommonAuth.framework/Versions/A/CommonAuth
0x000000002ffe6000 	/System/Library/Frameworks/OpenDirectory.framework/Versions/A/Frameworks/CFOpenDirectory.framework/Versions/A/CFOpenDirectory
0x000000002ffe6000 	/System/Library/Frameworks/SecurityFoundation.framework/Versions/A/SecurityFoundation
0x000000002ffe6000 	/System/Library/PrivateFrameworks/LanguageModeling.framework/Versions/A/LanguageModeling
0x000000002ffe6000 	/usr/lib/libmarisa.dylib
0x000000002ffe6000 	/usr/lib/libChineseTokenizer.dylib
0x000000002ffe6000 	/usr/lib/libcmph.dylib
0x000000002ffe6000 	/System/Library/PrivateFrameworks/CoreEmoji.framework/Versions/A/CoreEmoji
0x000000002ffe6000 	/System/Library/Frameworks/ServiceManagement.framework/Versions/A/ServiceManagement
0x000000002ffe6000 	/usr/lib/libxslt.1.dylib
0x000000002ffe6000 	/System/Library/Frameworks/Carbon.framework/Versions/A/Frameworks/Ink.framework/Versions/A/Ink
0x000000002ffe6000 	/System/Library/PrivateFrameworks/TextureIO.framework/Versions/A/TextureIO
0x000000002ffe6000 	/System/Library/Frameworks/Metal.framework/Versions/A/Metal
0x000000002ffe6000 	/usr/lib/libate.dylib
0x000000002ffe6000 	/System/Library/PrivateFrameworks/GPUCompiler.framework/libmetal_timestamp.dylib
0x000000002ffe6000 	/System/Library/Frameworks/OpenGL.framework/Versions/A/Libraries/libCoreFSCache.dylib
0x000000002ffe6000 	/System/Library/PrivateFrameworks/IOAccelerator.framework/Versions/A/IOAccelerator
0x000000002ffe6000 	/System/Library/Frameworks/CoreVideo.framework/Versions/A/CoreVideo
0x000000002ffe6000 	/usr/lib/libFosl_dynamic.dylib
0x000000002ffe6000 	/System/Library/PrivateFrameworks/MetalPerformanceShaders.framework/Versions/A/MetalPerformanceShaders
0x000000002ffe6000 	/System/Library/PrivateFrameworks/FaceCore.framework/Versions/A/FaceCore
0x000000002ffe6000 	/System/Library/Frameworks/OpenCL.framework/Versions/A/OpenCL
0x000000002ffe6000 	/System/Library/Frameworks/OpenGL.framework/Versions/A/Libraries/libGLU.dylib
0x000000002ffe6000 	/System/Library/Frameworks/OpenGL.framework/Versions/A/Libraries/libGFXShared.dylib
0x000000002ffe6000 	/System/Library/Frameworks/OpenGL.framework/Versions/A/Libraries/libGL.dylib
0x000000002ffe6000 	/System/Library/Frameworks/OpenGL.framework/Versions/A/Libraries/libGLImage.dylib
0x000000002ffe6000 	/System/Library/Frameworks/OpenGL.framework/Versions/A/Libraries/libCVMSPluginSupport.dylib
0x000000002ffe6000 	/System/Library/Frameworks/OpenGL.framework/Versions/A/Libraries/libCoreVMClient.dylib
0x000000002ffe6000 	/System/Library/PrivateFrameworks/CrashReporterSupport.framework/Versions/A/CrashReporterSupport
0x000000002ffe6000 	/System/Library/PrivateFrameworks/Sharing.framework/Versions/A/Sharing
0x000000002ffe6000 	/System/Library/PrivateFrameworks/IconServices.framework/Versions/A/IconServices
0x000000002ffe6000 	/System/Library/PrivateFrameworks/ProtocolBuffer.framework/Versions/A/ProtocolBuffer
0x000000002ffe6000 	/System/Library/PrivateFrameworks/Apple80211.framework/Versions/A/Apple80211
0x000000002ffe6000 	/System/Library/Frameworks/CoreWLAN.framework/Versions/A/CoreWLAN
0x000000002ffe6000 	/System/Library/PrivateFrameworks/CoreUtils.framework/Versions/A/CoreUtils
0x000000002ffe6000 	/System/Library/Frameworks/IOBluetooth.framework/Versions/A/IOBluetooth
0x000000002ffe6000 	/System/Library/PrivateFrameworks/CoreWiFi.framework/Versions/A/CoreWiFi
0x000000002ffe6000 	/System/Library/Frameworks/CoreBluetooth.framework/Versions/A/CoreBluetooth
0x000000002ffe6000 	/System/Library/Frameworks/CoreDisplay.framework/Versions/A/CoreDisplay
0x000000002ffe6000 	/System/Library/PrivateFrameworks/IOPresentment.framework/Versions/A/IOPresentment
0x000000002ffe6000 	/System/Library/PrivateFrameworks/DebugSymbols.framework/Versions/A/DebugSymbols
0x000000002ffe6000 	/System/Library/PrivateFrameworks/CoreSymbolication.framework/Versions/A/CoreSymbolication
0x000000002ffe6000 	/System/Library/PrivateFrameworks/Symbolication.framework/Versions/A/Symbolication
0x000000002ffe6000 	/System/Library/PrivateFrameworks/AppleFSCompression.framework/Versions/A/AppleFSCompression
0x000000002ffe6000 	/System/Library/PrivateFrameworks/SpeechRecognitionCore.framework/Versions/A/SpeechRecognitionCore
0x000000002ffe6000 	/System/Library/PrivateFrameworks/ChunkingLibrary.framework/Versions/A/ChunkingLibrary
0x00000001033c8000 	/Library/Java/JavaVirtualMachines/jdk1.8.0_102.jdk/Contents/Home/jre/lib/server/libjvm.dylib
0x000000002ffe6000 	/usr/lib/libstdc++.6.dylib
0x0000000104369000 	/Library/Java/JavaVirtualMachines/jdk1.8.0_102.jdk/Contents/Home/jre/lib/libverify.dylib
0x0000000104377000 	/Library/Java/JavaVirtualMachines/jdk1.8.0_102.jdk/Contents/Home/jre/lib/libjava.dylib
0x00000001043b6000 	/Library/Java/JavaVirtualMachines/jdk1.8.0_102.jdk/Contents/Home/jre/lib/libzip.dylib
0x000000011148e000 	/System/Library/Frameworks/JavaVM.framework/Frameworks/JavaRuntimeSupport.framework/JavaRuntimeSupport
0x00000001043e8000 	/System/Library/Frameworks/JavaVM.framework/Versions/A/Frameworks/JavaNativeFoundation.framework/Versions/A/JavaNativeFoundation
0x00000001114a8000 	/System/Library/Frameworks/JavaVM.framework/Versions/A/JavaVM
0x000000002ffe6000 	/System/Library/Frameworks/Carbon.framework/Versions/A/Carbon
0x00000001114b5000 	/System/Library/PrivateFrameworks/JavaLaunching.framework/Versions/A/JavaLaunching
0x000000002ffe6000 	/System/Library/Frameworks/Carbon.framework/Versions/A/Frameworks/CommonPanels.framework/Versions/A/CommonPanels
0x000000002ffe6000 	/System/Library/Frameworks/Carbon.framework/Versions/A/Frameworks/Help.framework/Versions/A/Help
0x000000002ffe6000 	/System/Library/Frameworks/Carbon.framework/Versions/A/Frameworks/ImageCapture.framework/Versions/A/ImageCapture
0x000000002ffe6000 	/System/Library/Frameworks/Carbon.framework/Versions/A/Frameworks/OpenScripting.framework/Versions/A/OpenScripting
0x000000002ffe6000 	/System/Library/Frameworks/Carbon.framework/Versions/A/Frameworks/Print.framework/Versions/A/Print
0x000000002ffe6000 	/System/Library/Frameworks/Carbon.framework/Versions/A/Frameworks/SecurityHI.framework/Versions/A/SecurityHI
0x000000011162f000 	/Applications/IntelliJ IDEA CE.app/Contents/bin/libbreakgen64.jnilib
0x0000000111632000 	/Library/Java/JavaVirtualMachines/jdk1.8.0_102.jdk/Contents/Home/jre/lib/libnet.dylib
0x0000000111696000 	/Library/Java/JavaVirtualMachines/jdk1.8.0_102.jdk/Contents/Home/jre/lib/libawt.dylib
0x000000011173e000 	/Library/Java/JavaVirtualMachines/jdk1.8.0_102.jdk/Contents/Home/jre/lib/./libmlib_image.dylib
0x000000011180a000 	/Library/Java/JavaVirtualMachines/jdk1.8.0_102.jdk/Contents/Home/jre/lib/libawt_lwawt.dylib
0x00000001118bf000 	/Library/Java/JavaVirtualMachines/jdk1.8.0_102.jdk/Contents/Home/jre/lib/./libosxapp.dylib
0x000000002ffe6000 	/System/Library/Frameworks/ExceptionHandling.framework/Versions/A/ExceptionHandling
0x000000002ffe6000 	/System/Library/PrivateFrameworks/CoreServicesInternal.framework/Versions/A/CoreServicesInternal
0x000000002ffe6000 	/System/Library/CoreServices/RawCamera.bundle/Contents/MacOS/RawCamera
0x000000002ffe6000 	/System/Library/Frameworks/Accelerate.framework/Versions/A/Frameworks/vImage.framework/Versions/A/Libraries/libCGInterfaces.dylib
0x000000002ffe6000 	/System/Library/Frameworks/ApplicationServices.framework/Versions/A/Frameworks/ATS.framework/Versions/A/Resources/libTrueTypeScaler.dylib
0x000000002ffe6000 	/System/Library/Frameworks/OpenGL.framework/Versions/A/Resources/GLEngine.bundle/GLEngine
0x000000002ffe6000 	/System/Library/Frameworks/OpenGL.framework/Versions/A/Libraries/libGLProgrammability.dylib
0x0000000123f48000 	/System/Library/Extensions/AppleIntelHD4000GraphicsGLDriver.bundle/Contents/MacOS/AppleIntelHD4000GraphicsGLDriver
0x000000002ffe6000 	/System/Library/PrivateFrameworks/GPUSupport.framework/Versions/A/Libraries/libGPUSupportMercury.dylib
0x000000002ffe6000 	/System/Library/Extensions/GeForceGLDriver.bundle/Contents/MacOS/GeForceGLDriver
0x000000002ffe6000 	/System/Library/Extensions/GeForceGLDriver.bundle/Contents/MacOS/libclh.dylib
0x000000002ffe6000 	/System/Library/Frameworks/OpenGL.framework/Versions/A/Resources/GLRendererFloat.bundle/GLRendererFloat
0x000000002ffe6000 	/System/Library/Frameworks/OpenCL.framework/Versions/A/Libraries/libcldcpuengine.dylib
0x000000002ffe6000 	/usr/lib/libcrypto.0.9.8.dylib
0x000000002ffe6000 	/System/Library/PrivateFrameworks/TrustEvaluationAgent.framework/Versions/A/TrustEvaluationAgent
0x000000002ffe6000 	/System/Library/Extensions/GeForceMTLDriver.bundle/Contents/MacOS/GeForceMTLDriver
0x000000012460a000 	/System/Library/Extensions/AppleIntelHD4000GraphicsMTLDriver.bundle/Contents/MacOS/AppleIntelHD4000GraphicsMTLDriver
0x000000002ffe6000 	/System/Library/PrivateFrameworks/FamilyControls.framework/Versions/A/FamilyControls
0x000000002ffe6000 	/System/Library/PrivateFrameworks/CommerceKit.framework/Versions/A/Frameworks/CommerceCore.framework/Versions/A/CommerceCore
0x000000002ffe6000 	/System/Library/PrivateFrameworks/SystemAdministration.framework/Versions/A/SystemAdministration
0x000000002ffe6000 	/System/Library/PrivateFrameworks/AppContainer.framework/Versions/A/AppContainer
0x000000002ffe6000 	/System/Library/PrivateFrameworks/SecCodeWrapper.framework/Versions/A/SecCodeWrapper
0x000000002ffe6000 	/System/Library/Frameworks/DirectoryService.framework/Versions/A/DirectoryService
0x000000002ffe6000 	/System/Library/PrivateFrameworks/DiskImages.framework/Versions/A/DiskImages
0x000000002ffe6000 	/System/Library/PrivateFrameworks/LoginUIKit.framework/Versions/A/Frameworks/LoginUICore.framework/Versions/A/LoginUICore
0x000000002ffe6000 	/usr/lib/libCoreStorage.dylib
0x000000002ffe6000 	/usr/lib/libcsfde.dylib
0x000000002ffe6000 	/usr/lib/libodfde.dylib
0x000000002ffe6000 	/System/Library/Frameworks/DiscRecording.framework/Versions/A/DiscRecording
0x000000002ffe6000 	/usr/lib/libcurl.4.dylib
0x000000002ffe6000 	/System/Library/PrivateFrameworks/MediaKit.framework/Versions/A/MediaKit
0x000000002ffe6000 	/System/Library/PrivateFrameworks/ProtectedCloudStorage.framework/Versions/A/ProtectedCloudStorage
0x000000002ffe6000 	/System/Library/PrivateFrameworks/EFILogin.framework/Versions/A/EFILogin
0x000000002ffe6000 	/usr/lib/libutil.dylib
0x000000002ffe6000 	/System/Library/Frameworks/LDAP.framework/Versions/A/LDAP
0x000000002ffe6000 	/usr/lib/libsasl2.2.dylib
0x000000002ffe6000 	/System/Library/PrivateFrameworks/CoreDaemon.framework/Versions/B/CoreDaemon
0x000000002ffe6000 	/System/Library/PrivateFrameworks/AppleSRP.framework/Versions/A/AppleSRP
0x000000002ffe6000 	/System/Library/PrivateFrameworks/APFS.framework/Versions/A/APFS
0x00000001261ec000 	/Library/Java/JavaVirtualMachines/jdk1.8.0_102.jdk/Contents/Home/jre/lib/libfontmanager.dylib
0x0000000124729000 	/Library/Java/JavaVirtualMachines/jdk1.8.0_102.jdk/Contents/Home/jre/lib/libosxui.dylib
0x000000012d686000 	/Library/Java/JavaVirtualMachines/jdk1.8.0_102.jdk/Contents/Home/jre/lib/libnio.dylib
0x000000002ffe6000 	/System/Library/PrivateFrameworks/ViewBridge.framework/Versions/A/ViewBridge
0x000000002ffe6000 	/System/Library/PrivateFrameworks/XPCService.framework/Versions/A/XPCService
0x000000002ffe6000 	/System/Library/PrivateFrameworks/AppSandbox.framework/Versions/A/AppSandbox
0x000000002ffe6000 	/usr/lib/libsandbox.1.dylib
0x000000002ffe6000 	/usr/lib/libMatch.1.dylib

VM Arguments:
jvm_args: -Didea.launcher.port=7536 -Didea.launcher.bin.path=/Applications/IntelliJ IDEA CE.app/Contents/bin -Dfile.encoding=UTF-8 
java_command: com.intellij.rt.execution.application.AppMain ca.ubc.cpsc210.spaceinvaders.ui.SpaceInvaders
java_class_path (initial): /Users/Dante/Documents/CPSC210/SpaceInvadersBase/bin:/Library/Java/JavaVirtualMachines/jdk1.8.0_102.jdk/Contents/Home/jre/lib/charsets.jar:/Library/Java/JavaVirtualMachines/jdk1.8.0_102.jdk/Contents/Home/jre/lib/deploy.jar:/Library/Java/JavaVirtualMachines/jdk1.8.0_102.jdk/Contents/Home/jre/lib/ext/cldrdata.jar:/Library/Java/JavaVirtualMachines/jdk1.8.0_102.jdk/Contents/Home/jre/lib/ext/dnsns.jar:/Library/Java/JavaVirtualMachines/jdk1.8.0_102.jdk/Contents/Home/jre/lib/ext/jaccess.jar:/Library/Java/JavaVirtualMachines/jdk1.8.0_102.jdk/Contents/Home/jre/lib/ext/jfxrt.jar:/Library/Java/JavaVirtualMachines/jdk1.8.0_102.jdk/Contents/Home/jre/lib/ext/localedata.jar:/Library/Java/JavaVirtualMachines/jdk1.8.0_102.jdk/Contents/Home/jre/lib/ext/nashorn.jar:/Library/Java/JavaVirtualMachines/jdk1.8.0_102.jdk/Contents/Home/jre/lib/ext/sunec.jar:/Library/Java/JavaVirtualMachines/jdk1.8.0_102.jdk/Contents/Home/jre/lib/ext/sunjce_provider.jar:/Library/Java/JavaVirtualMachines/jdk1.8.0_102.jdk/Contents/Home/jre/lib/ext/sunpkcs11.jar:/Library/Java/JavaVirtualMachines/jdk1.8.0_102.jdk/Contents/Home/jre/lib/ext/zipfs.jar:/Library/Java/JavaVirtualMachines/jdk1.8.0_102.jdk/Contents/Home/jre/lib/javaws.jar:/Library/Java/JavaVirtualMachines/jdk1.8.0_102.jdk/Contents/Home/jre/lib/jce.jar:/Library/Java/JavaVirtualMachines/jdk1.8.0_102.jdk/Contents/Home/jre/lib/jfr.jar:/Library/Java/JavaVirtualMachines/jdk1.8.0_102.jdk/Contents/Home/jre/lib/jfxswt.jar:/Library/Java/JavaVirtualMachines/jdk1.8.0_102.jdk/Contents/Home/jre/lib/jsse.jar:/Library/Java/JavaVirtualMachines/jdk1.8.0_102.jdk/Contents/Home/jre/lib/management-agent.jar:/Library/Java/JavaVirtualMachines/jdk1.8.0_102.jdk/Contents/Home/jre/lib/plugin.jar:/Library/Java/JavaVirtualMachines/jdk1.8.0_102.jdk/Contents/Home/jre/lib/resources.jar:/Library/Java/JavaVirtualMachines/jdk1.8.0_102.jdk/Contents/Home/jre/lib/rt.jar:/Library/Java/JavaVirtualMachines/jdk1.8.0_102.jdk/Contents/Home/lib/ant-javafx.jar:/Library/Ja
Launcher Type: SUN_STANDARD

Environment Variables:
PATH=/Users/Dante/anaconda/bin:/usr/local/bin:/usr/bin:/bin:/usr/sbin:/sbin
SHELL=/bin/bash

Signal Handlers:
SIGSEGV: [libjvm.dylib+0x5b0579], sa_mask[0]=11111111011111110111111111111111, sa_flags=SA_ONSTACK|SA_RESTART|SA_SIGINFO
SIGBUS: [libjvm.dylib+0x5b0579], sa_mask[0]=11111111011111110111111111111111, sa_flags=SA_RESTART|SA_SIGINFO
SIGFPE: [libjvm.dylib+0x4874e4], sa_mask[0]=11111111011111110111111111111111, sa_flags=SA_RESTART|SA_SIGINFO
SIGPIPE: [libjvm.dylib+0x4874e4], sa_mask[0]=11111111011111110111111111111111, sa_flags=SA_RESTART|SA_SIGINFO
SIGXFSZ: [libjvm.dylib+0x4874e4], sa_mask[0]=11111111011111110111111111111111, sa_flags=SA_RESTART|SA_SIGINFO
SIGILL: [libjvm.dylib+0x4874e4], sa_mask[0]=11111111011111110111111111111111, sa_flags=SA_RESTART|SA_SIGINFO
SIGUSR1: SIG_DFL, sa_mask[0]=00000000000000000000000000000000, sa_flags=none
SIGUSR2: [libjvm.dylib+0x487002], sa_mask[0]=00100000000000000000000000000000, sa_flags=SA_RESTART|SA_SIGINFO
SIGHUP: [libjvm.dylib+0x4855d9], sa_mask[0]=11111111011111110111111111111111, sa_flags=SA_RESTART|SA_SIGINFO
SIGINT: [libjvm.dylib+0x4855d9], sa_mask[0]=11111111011111110111111111111111, sa_flags=SA_RESTART|SA_SIGINFO
SIGTERM: [libjvm.dylib+0x4855d9], sa_mask[0]=11111111011111110111111111111111, sa_flags=SA_RESTART|SA_SIGINFO
SIGQUIT: [libjvm.dylib+0x4855d9], sa_mask[0]=11111111011111110111111111111111, sa_flags=SA_RESTART|SA_SIGINFO


---------------  S Y S T E M  ---------------

OS:Bsduname:Darwin 16.0.0 Darwin Kernel Version 16.0.0: Mon Aug 29 17:56:20 PDT 2016; root:xnu-3789.1.32~3/RELEASE_X86_64 x86_64
rlimit: STACK 8192k, CORE 0k, NPROC 709, NOFILE 10240, AS infinity
load average:2.54 2.15 1.97

CPU:total 8 (4 cores per cpu, 2 threads per core) family 6 model 58 stepping 9, cmov, cx8, fxsr, mmx, sse, sse2, sse3, ssse3, sse4.1, sse4.2, popcnt, avx, aes, clmul, erms, ht, tsc, tscinvbit, tscinv

Memory: 4k page, physical 16777216k(3626616k free)

/proc/meminfo:


vm_info: Java HotSpot(TM) 64-Bit Server VM (25.102-b14) for bsd-amd64 JRE (1.8.0_102-b14), built on Jun 22 2016 11:42:36 by "java_re" with gcc 4.2.1 (Based on Apple Inc. build 5658) (LLVM build 2336.11.00)

time: Fri Sep 23 12:49:17 2016
elapsed time: 45 seconds (0d 0h 0m 45s)

